男宝宝姓巩.出生在20170407120000日，出生于河北沧州
巩 3
韵兮
4
1

巩 3
十韵
2
4

巩 3
运兮
4
1

巩 3
兮运
1
4

巩 3
亦兮
4
1

巩 3
十翼
2
4

巩 3
元亨
2
1

巩 3
利贞
4
1

巩 3
跃渊
4
1

巩 3
含章
2
1

巩 3
密云
4
2

巩 3
开承
1
2

巩 3
有渝
4
2

巩 3
孚道
2
4

巩 3
孚佳
2
1

巩 3
童观
2
1

巩 3
明功
2
1

巩 3
孚嘉
2
1

巩 3
未光
4
1

巩 3
休复
1
4

巩 3
从道
2
4

巩 3
耕获
1
4

巩 3
栋隆
4
2

巩 3
自昭
4
1

巩 3
顺则
4
2

巩 3
中节
1
2

巩 3
黄矢
2
3

巩 3
中道
1
4

巩 3
贞吉
1
2

巩 3
善迁
4
1

巩 3
中行
1
2

巩 3
岐山
2
1

巩 3
有与
4
3

巩 3
中直
1
2

巩 3
征吉
1
2

巩 3
鸿渐
2
4

巩 3
甘节
1
2

巩 3
亦君
4
1

巩 3
务本
4
3

巩 3
道生
4
1

巩 3
乔礼
2
3

巩 3
齐礼
2
3

巩 3
先行
1
2

巩 3
其可
2
3

巩 3
征和
1
4

巩 3
鸿嘉
2
1

巩 3
元嘉
2
1

巩 3
延熙
2
1

巩 3
嘉禾
1
2

巩 3
天册
1
4

巩 3
兴宁
4
2

巩 3
元熙
2
1

巩 3
承圣
2
4

巩 3
承光
2
1

巩 3
开耀
1
4

巩 3
天授
1
4

巩 3
天复
1
4

巩 3
嘉祐
1
4

巩 3
清宁
1
2

巩 3
承安
2
1

巩 3
至宁
4
2

巩 3
成化
2
4

